[INFO] Scanning for projects...
[INFO] 
[INFO] -------------------< com.wordmaps:wordmaps-backend >--------------------
[INFO] Building wordmaps-backend 0.0.1-SNAPSHOT
[INFO]   from pom.xml
[INFO] --------------------------------[ jar ]---------------------------------
[INFO] 
[INFO] --- clean:3.3.2:clean (default-clean) @ wordmaps-backend ---
[INFO] Deleting D:\TSCD\proyectoTSCD\wordmaps-backend\target
[INFO] 
[INFO] --- resources:3.3.1:resources (default-resources) @ wordmaps-backend ---
[INFO] Copying 0 resource from src\main\resources to target\classes
[INFO] Copying 3 resources from src\main\resources to target\classes
[INFO] 
[INFO] --- compiler:3.11.0:compile (default-compile) @ wordmaps-backend ---
[INFO] Changes detected - recompiling the module! :source
[INFO] Compiling 11 source files with javac [debug release 17] to target\classes
[INFO] -------------------------------------------------------------
[ERROR] COMPILATION ERROR : 
[INFO] -------------------------------------------------------------
[ERROR] /D:/TSCD/proyectoTSCD/wordmaps-backend/src/main/java/com/wordmaps/config/LambdaHandler.java:[9,8] cannot access com.amazonaws.services.lambda.runtime.RequestStreamHandler
  class file for com.amazonaws.services.lambda.runtime.RequestStreamHandler not found
[ERROR] /D:/TSCD/proyectoTSCD/wordmaps-backend/src/main/java/com/wordmaps/service/RouteFinderService.java:[45,21] cannot find symbol
  symbol:   method builder()
  location: class com.wordmaps.model.Route
[ERROR] /D:/TSCD/proyectoTSCD/wordmaps-backend/src/main/java/com/wordmaps/service/RouteFinderService.java:[78,38] cannot find symbol
  symbol:   method builder()
  location: class com.wordmaps.model.Transformation
[INFO] 3 errors 
[INFO] -------------------------------------------------------------
[INFO] ------------------------------------------------------------------------
[INFO] BUILD FAILURE
[INFO] ------------------------------------------------------------------------
[INFO] Total time:  2.119 s
[INFO] Finished at: 2025-12-15T12:54:21Z
[INFO] ------------------------------------------------------------------------
[ERROR] Failed to execute goal org.apache.maven.plugins:maven-compiler-plugin:3.11.0:compile (default-compile) on project wordmaps-backend: Compilation failure: Compilation failure: 
[ERROR] /D:/TSCD/proyectoTSCD/wordmaps-backend/src/main/java/com/wordmaps/config/LambdaHandler.java:[9,8] cannot access com.amazonaws.services.lambda.runtime.RequestStreamHandler
[ERROR]   class file for com.amazonaws.services.lambda.runtime.RequestStreamHandler not found
[ERROR] /D:/TSCD/proyectoTSCD/wordmaps-backend/src/main/java/com/wordmaps/service/RouteFinderService.java:[45,21] cannot find symbol
[ERROR]   symbol:   method builder()
[ERROR]   location: class com.wordmaps.model.Route
[ERROR] /D:/TSCD/proyectoTSCD/wordmaps-backend/src/main/java/com/wordmaps/service/RouteFinderService.java:[78,38] cannot find symbol
[ERROR]   symbol:   method builder()
[ERROR]   location: class com.wordmaps.model.Transformation
[ERROR] -> [Help 1]
[ERROR] 
[ERROR] To see the full stack trace of the errors, re-run Maven with the -e switch.
[ERROR] Re-run Maven using the -X switch to enable full debug logging.
[ERROR] 
[ERROR] For more information about the errors and possible solutions, please read the following articles:
[ERROR] [Help 1] http://cwiki.apache.org/confluence/display/MAVEN/MojoFailureException
