<?xml version="1.0" encoding="UTF-8"?>
<testsuite xmlns:xsi="http://www.w3.org/2001/XMLSchema-instance" xsi:noNamespaceSchemaLocation="https://maven.apache.org/surefire/maven-surefire-plugin/xsd/surefire-test-report-3.0.xsd" version="3.0" name="com.wordmaps.controller.RouteControllerTest" time="3.53" tests="3" errors="0" skipped="0" failures="0">
  <properties>
[...]
</properties>
  <testcase name="testGetFastestRoute_NotFound" classname="com.wordmaps.controller.RouteControllerTest" time="0.303">
    <system-out><![CDATA[13:00:12.090 [main] INFO org.springframework.test.context.support.AnnotationConfigContextLoaderUtils -- Could not detect default configuration classes for test class [com.wordmaps.controller.RouteControllerTest]: RouteControllerTest does not declare any static, non-private, non-final, nested classes annotated with @Configuration.
13:00:12.201 [main] INFO org.springframework.boot.test.context.SpringBootTestContextBootstrapper -- Found @SpringBootConfiguration com.wordmaps.WordMapsApplication for test class com.wordmaps.controller.RouteControllerTest

  .   ____          _            __ _ _
 /\\ / ___'_ __ _ _(_)_ __  __ _ \ \ \ \
( ( )\___ | '_ | '_| | '_ \/ _` | \ \ \ \
 \\/  ___)| |_)| | | | | || (_| |  ) ) ) )
  '  |____| .__|_| |_|_| |_\__, | / / / /
 =========|_|==============|___/=/_/_/_/
 :: Spring Boot ::                (v3.2.0)

2025-12-15T13:00:12.513Z  INFO 3892 --- [           main] c.w.controller.RouteControllerTest       : Starting RouteControllerTest using Java 17.0.12 with PID 3892 (started by Juan López in D:\TSCD\proyectoTSCD\wordmaps-backend)
2025-12-15T13:00:12.515Z  INFO 3892 --- [           main] c.w.controller.RouteControllerTest       : No active profile set, falling back to 1 default profile: "default"
2025-12-15T13:00:14.934Z  INFO 3892 --- [           main] o.s.b.t.m.w.SpringBootMockServletContext : Initializing Spring TestDispatcherServlet ''
2025-12-15T13:00:14.935Z  INFO 3892 --- [           main] o.s.t.web.servlet.TestDispatcherServlet  : Initializing Servlet ''
2025-12-15T13:00:14.940Z  INFO 3892 --- [           main] o.s.t.web.servlet.TestDispatcherServlet  : Completed initialization in 2 ms
2025-12-15T13:00:14.999Z  INFO 3892 --- [           main] c.w.controller.RouteControllerTest       : Started RouteControllerTest in 2.727 seconds (process running for 3.521)
]]></system-out>
  </testcase>
  <testcase name="testGetFastestRoute_Success" classname="com.wordmaps.controller.RouteControllerTest" time="0.107"/>
  <testcase name="testCheckWord_Exists" classname="com.wordmaps.controller.RouteControllerTest" time="0.01"/>
</testsuite>